
  .   ____          _            __ _ _
 /\\ / ___'_ __ _ _(_)_ __  __ _ \ \ \ \
( ( )\___ | '_ | '_| | '_ \/ _` | \ \ \ \
 \\/  ___)| |_)| | | | | || (_| |  ) ) ) )
  '  |____| .__|_| |_|_| |_\__, | / / / /
 =========|_|==============|___/=/_/_/_/

 :: Spring Boot ::                (v3.4.1)

2025-12-29T01:38:31.384-05:00  INFO 50134 --- [spring-backend] [           main] com.f1replay.SpringBackendApplication    : Starting SpringBackendApplication v0.0.1-SNAPSHOT using Java 21.0.9 with PID 50134 (/home/leoul/Documents/dev/F1_Telemetry_Ingestion_and_Replay/spring-backend/target/spring-backend-0.0.1-SNAPSHOT.jar started by leoul in /home/leoul/Documents/dev/F1_Telemetry_Ingestion_and_Replay/spring-backend)
2025-12-29T01:38:31.392-05:00 DEBUG 50134 --- [spring-backend] [           main] com.f1replay.SpringBackendApplication    : Running with Spring Boot v3.4.1, Spring v6.2.1
2025-12-29T01:38:31.394-05:00  INFO 50134 --- [spring-backend] [           main] com.f1replay.SpringBackendApplication    : No active profile set, falling back to 1 default profile: "default"
2025-12-29T01:38:33.258-05:00  INFO 50134 --- [spring-backend] [           main] .s.d.r.c.RepositoryConfigurationDelegate : Multiple Spring Data modules found, entering strict repository configuration mode
2025-12-29T01:38:33.262-05:00  INFO 50134 --- [spring-backend] [           main] .s.d.r.c.RepositoryConfigurationDelegate : Bootstrapping Spring Data Redis repositories in DEFAULT mode.
2025-12-29T01:38:33.309-05:00  INFO 50134 --- [spring-backend] [           main] .s.d.r.c.RepositoryConfigurationDelegate : Finished Spring Data repository scanning in 21 ms. Found 0 Redis repository interfaces.
2025-12-29T01:38:34.233-05:00  INFO 50134 --- [spring-backend] [           main] o.s.b.w.embedded.tomcat.TomcatWebServer  : Tomcat initialized with port 8080 (http)
2025-12-29T01:38:34.252-05:00  INFO 50134 --- [spring-backend] [           main] o.apache.catalina.core.StandardService   : Starting service [Tomcat]
2025-12-29T01:38:34.252-05:00  INFO 50134 --- [spring-backend] [           main] o.apache.catalina.core.StandardEngine    : Starting Servlet engine: [Apache Tomcat/10.1.34]
2025-12-29T01:38:34.292-05:00  INFO 50134 --- [spring-backend] [           main] o.a.c.c.C.[Tomcat].[localhost].[/]       : Initializing Spring embedded WebApplicationContext
2025-12-29T01:38:34.293-05:00  INFO 50134 --- [spring-backend] [           main] w.s.c.ServletWebServerApplicationContext : Root WebApplicationContext: initialization completed in 2789 ms
2025-12-29T01:38:35.777-05:00 DEBUG 50134 --- [spring-backend] [           main] com.f1replay.service.SessionService      : Loaded session: 9140 - Monaco GP 2024 - Race
2025-12-29T01:38:35.778-05:00  INFO 50134 --- [spring-backend] [           main] com.f1replay.service.SessionService      : Loaded 1 sessions from configuration
2025-12-29T01:38:36.944-05:00  INFO 50134 --- [spring-backend] [           main] o.s.b.a.e.web.EndpointLinksResolver      : Exposing 1 endpoint beneath base path '/actuator'
2025-12-29T01:38:37.032-05:00  INFO 50134 --- [spring-backend] [           main] o.s.b.w.embedded.tomcat.TomcatWebServer  : Tomcat started on port 8080 (http) with context path '/'
2025-12-29T01:38:37.052-05:00  INFO 50134 --- [spring-backend] [           main] com.f1replay.SpringBackendApplication    : Started SpringBackendApplication in 6.533 seconds (process running for 7.429)
2025-12-29T01:39:01.251-05:00  INFO 50134 --- [spring-backend] [nio-8080-exec-2] o.a.c.c.C.[Tomcat].[localhost].[/]       : Initializing Spring DispatcherServlet 'dispatcherServlet'
2025-12-29T01:39:01.252-05:00  INFO 50134 --- [spring-backend] [nio-8080-exec-2] o.s.web.servlet.DispatcherServlet        : Initializing Servlet 'dispatcherServlet'
2025-12-29T01:39:01.253-05:00  INFO 50134 --- [spring-backend] [nio-8080-exec-2] o.s.web.servlet.DispatcherServlet        : Completed initialization in 1 ms
2025-12-29T01:39:01.315-05:00  INFO 50134 --- [spring-backend] [nio-8080-exec-2] c.f.websocket.TelemetryWebSocketHandler  : WebSocket connected: 03f83226-d003-025f-8915-555f6761f50b for session 9140
2025-12-29T01:39:01.371-05:00 DEBUG 50134 --- [spring-backend] [nio-8080-exec-2] c.f.websocket.TelemetryWebSocketHandler  : Started streaming for session 9140
2025-12-29T01:40:12.391-05:00 DEBUG 50134 --- [spring-backend] [nio-8080-exec-3] c.f1replay.service.RedisStreamService    : Read 0 location points from telemetry:location:9140 between 2024-05-26T13:00:00Z and 2024-05-26T13:00:30Z
2025-12-29T01:40:13.192-05:00 DEBUG 50134 --- [spring-backend] [nio-8080-exec-3] c.f1replay.service.RedisStreamService    : Read 0 car data points from telemetry:cardata:9140 between 2024-05-26T13:00:00Z and 2024-05-26T13:00:30Z
2025-12-29T01:40:13.193-05:00 DEBUG 50134 --- [spring-backend] [nio-8080-exec-3] com.f1replay.service.ReplayService       : Loaded buffer for session 9140: 0 locations, 0 car data points, until 2024-05-26T13:00:30Z
2025-12-29T01:40:13.193-05:00  INFO 50134 --- [spring-backend] [nio-8080-exec-3] com.f1replay.service.ReplayService       : Starting new session 9140 from 2024-05-26T13:00:00Z
2025-12-29T01:40:13.200-05:00 DEBUG 50134 --- [spring-backend] [nio-8080-exec-3] c.f.websocket.TelemetryWebSocketHandler  : Started streaming for session 9140
2025-12-29T01:40:21.493-05:00  INFO 50134 --- [spring-backend] [nio-8080-exec-4] com.f1replay.service.ReplayService       : Paused session 9140 at 2024-05-26T13:00:08.300Z
2025-12-29T01:40:26.925-05:00  INFO 50134 --- [spring-backend] [ionShutdownHook] o.s.b.w.e.tomcat.GracefulShutdown        : Commencing graceful shutdown. Waiting for active requests to complete
2025-12-29T01:40:26.930-05:00  INFO 50134 --- [spring-backend] [tomcat-shutdown] o.s.b.w.e.tomcat.GracefulShutdown        : Graceful shutdown complete
2025-12-29T01:40:26.963-05:00 ERROR 50134 --- [spring-backend] [ionShutdownHook] c.f.websocket.TelemetryWebSocketHandler  : WebSocket transport error for session 03f83226-d003-025f-8915-555f6761f50b: java.nio.channels.ClosedChannelException
2025-12-29T01:40:26.965-05:00  INFO 50134 --- [spring-backend] [ionShutdownHook] com.f1replay.service.ReplayService       : Client disconnected from session 9140, state preserved for 5 minutes
2025-12-29T01:40:26.965-05:00  INFO 50134 --- [spring-backend] [ionShutdownHook] c.f.websocket.TelemetryWebSocketHandler  : WebSocket disconnected: 03f83226-d003-025f-8915-555f6761f50b (status: CloseStatus[code=1001, reason=The web application is stopping])
